2002.11.03 01:13 B C:\Documentos\docs\car\adicaodevectores.gif <-- ftp.planeta.clix.pt /docs/car adicaodevectores.gif
2002.11.03 01:13 B C:\Documentos\docs\car\aguacopo.html <-- ftp.planeta.clix.pt /docs/car aguacopo.html
2002.11.03 01:13 B C:\Documentos\docs\car\aguacopo.zir <-- ftp.planeta.clix.pt /docs/car aguacopo.zir
2002.11.03 01:13 B C:\Documentos\docs\car\aguacopos.jpg <-- ftp.planeta.clix.pt /docs/car aguacopos.jpg
2002.11.03 01:13 B C:\Documentos\docs\car\circuncentro.gif <-- ftp.planeta.clix.pt /docs/car circuncentro.gif
2002.11.03 01:13 B C:\Documentos\docs\car\circuncentro.html <-- ftp.planeta.clix.pt /docs/car circuncentro.html
2002.11.03 01:13 B C:\Documentos\docs\car\circuncentro.zir <-- ftp.planeta.clix.pt /docs/car circuncentro.zir
2002.11.03 01:13 B C:\Documentos\docs\car\completo.html <-- ftp.planeta.clix.pt /docs/car completo.html
2002.11.03 01:13 B C:\Documentos\docs\car\completo.zir <-- ftp.planeta.clix.pt /docs/car completo.zir
2002.11.03 01:13 B C:\Documentos\docs\car\distancia.gif <-- ftp.planeta.clix.pt /docs/car distancia.gif
2002.11.03 01:13 B C:\Documentos\docs\car\exame12.html <-- ftp.planeta.clix.pt /docs/car exame12.html
2002.11.03 01:13 B C:\Documentos\docs\car\exame12.zir <-- ftp.planeta.clix.pt /docs/car exame12.zir
2002.11.03 01:13 B C:\Documentos\docs\car\exame12C.html <-- ftp.planeta.clix.pt /docs/car exame12C.html
2002.11.03 01:13 B C:\Documentos\docs\car\exame12C.zir <-- ftp.planeta.clix.pt /docs/car exame12C.zir
2002.11.03 01:13 B C:\Documentos\docs\car\geometriadinamica.gif <-- ftp.planeta.clix.pt /docs/car geometriadinamica.gif
2002.11.03 01:13 B C:\Documentos\docs\car\internos.html <-- ftp.planeta.clix.pt /docs/car internos.html
2002.11.03 01:14 B C:\Documentos\docs\car\internos.zir <-- ftp.planeta.clix.pt /docs/car internos.zir
2002.11.03 01:14 B C:\Documentos\docs\car\linear.html <-- ftp.planeta.clix.pt /docs/car linear.html
2002.11.03 01:14 B C:\Documentos\docs\car\linear.zir <-- ftp.planeta.clix.pt /docs/car linear.zir
2002.11.03 01:14 B C:\Documentos\docs\car\liquidocopo.gif <-- ftp.planeta.clix.pt /docs/car liquidocopo.gif
2002.11.03 01:14 B C:\Documentos\docs\car\quadrado.gif <-- ftp.planeta.clix.pt /docs/car quadrado.gif
2002.11.03 01:14 B C:\Documentos\docs\car\semelhanca.html <-- ftp.planeta.clix.pt /docs/car semelhanca.html
2002.11.03 01:14 B C:\Documentos\docs\car\semelhanca.zir <-- ftp.planeta.clix.pt /docs/car semelhanca.zir
2002.11.03 01:14 B C:\Documentos\docs\car\semelhancatriangulos.gif <-- ftp.planeta.clix.pt /docs/car semelhancatriangulos.gif
2002.11.03 01:14 B C:\Documentos\docs\car\somadosangulos.gif <-- ftp.planeta.clix.pt /docs/car somadosangulos.gif
2002.11.03 01:14 B C:\Documentos\docs\car\texture.gif <-- ftp.planeta.clix.pt /docs/car texture.gif
2002.11.03 01:14 B C:\Documentos\docs\car\vectores.html <-- ftp.planeta.clix.pt /docs/car vectores.html
2002.11.03 01:14 B C:\Documentos\docs\car\vectores.jpg <-- ftp.planeta.clix.pt /docs/car vectores.jpg
2002.11.03 01:14 B C:\Documentos\docs\car\vectores.zir <-- ftp.planeta.clix.pt /docs/car vectores.zir
2002.11.03 01:17 B C:\Documentos\docs\car\zirkel.jar <-- ftp.planeta.clix.pt /docs/car zirkel.jar
2002.11.23 19:12 B C:\Documentos\WebPage\car\curvatura.html --> planeta.clix.pt /docs/car curvatura.html
2002.11.23 19:12 B C:\Documentos\WebPage\car\curvatura.zir --> planeta.clix.pt /docs/car curvatura.zir
2002.11.23 19:20 B C:\Documentos\WebPage\car\curvatura.html --> planeta.clix.pt /docs/car curvatura.html
2002.11.28 23:10 B C:\Documentos\WebPage\car\linear.html --> planeta.clix.pt /docs/car linear.html
2002.11.28 23:11 B C:\Documentos\WebPage\car\curvatura.html --> planeta.clix.pt /docs/car curvatura.html
2002.12.06 01:11 B C:\Documentos\WebPage\car\pedra.html --> planeta.clix.pt /docs/car pedra.html
2002.12.06 01:11 B C:\Documentos\WebPage\car\pedra.zir --> planeta.clix.pt /docs/car pedra.zir
2003.01.09 22:28 B F:\WebPage\car\adicaodevectores.gif --> ftp11.websamba.com \actividades\car adicaodevectores.gif
2003.01.09 22:29 B F:\WebPage\car\aguacopo.html --> ftp11.websamba.com \actividades\car aguacopo.html
2003.01.09 22:29 B F:\WebPage\car\aguacopo.zir --> ftp11.websamba.com \actividades\car aguacopo.zir
2003.01.09 22:29 B F:\WebPage\car\aguacopos.jpg --> ftp11.websamba.com \actividades\car aguacopos.jpg
2003.01.09 22:29 B F:\WebPage\car\circuncentro.gif --> ftp11.websamba.com \actividades\car circuncentro.gif
2003.01.09 22:29 B F:\WebPage\car\circuncentro.html --> ftp11.websamba.com \actividades\car circuncentro.html
2003.01.09 22:29 B F:\WebPage\car\circuncentro.zir --> ftp11.websamba.com \actividades\car circuncentro.zir
2003.01.09 22:29 B F:\WebPage\car\completo.html --> ftp11.websamba.com \actividades\car completo.html
2003.01.09 22:29 B F:\WebPage\car\completo.zir --> ftp11.websamba.com \actividades\car completo.zir
2003.01.09 22:29 B F:\WebPage\car\curvatura.html --> ftp11.websamba.com \actividades\car curvatura.html
2003.01.09 22:29 B F:\WebPage\car\curvatura.zir --> ftp11.websamba.com \actividades\car curvatura.zir
2003.01.09 22:29 B F:\WebPage\car\distancia.gif --> ftp11.websamba.com \actividades\car distancia.gif
2003.01.09 22:29 B F:\WebPage\car\exame12.html --> ftp11.websamba.com \actividades\car exame12.html
2003.01.09 22:29 B F:\WebPage\car\exame12.zir --> ftp11.websamba.com \actividades\car exame12.zir
2003.01.09 22:29 B F:\WebPage\car\exame12C.html --> ftp11.websamba.com \actividades\car exame12C.html
2003.01.09 22:29 B F:\WebPage\car\exame12C.zir --> ftp11.websamba.com \actividades\car exame12C.zir
2003.01.09 22:29 B F:\WebPage\car\geometriadinamica.gif --> ftp11.websamba.com \actividades\car geometriadinamica.gif
2003.01.09 22:29 B F:\WebPage\car\internos.html --> ftp11.websamba.com \actividades\car internos.html
2003.01.09 22:29 B F:\WebPage\car\internos.zir --> ftp11.websamba.com \actividades\car internos.zir
2003.01.09 22:29 B F:\WebPage\car\linear.html --> ftp11.websamba.com \actividades\car linear.html
2003.01.09 22:29 B F:\WebPage\car\linear.zir --> ftp11.websamba.com \actividades\car linear.zir
2003.01.09 22:29 B F:\WebPage\car\liquidocopo.gif --> ftp11.websamba.com \actividades\car liquidocopo.gif
2003.01.09 22:29 B F:\WebPage\car\pedra.html --> ftp11.websamba.com \actividades\car pedra.html
2003.01.09 22:29 B F:\WebPage\car\pedra.zir --> ftp11.websamba.com \actividades\car pedra.zir
2003.01.09 22:29 B F:\WebPage\car\quadrado.gif --> ftp11.websamba.com \actividades\car quadrado.gif
2003.01.09 22:29 B F:\WebPage\car\semelhanca.html --> ftp11.websamba.com \actividades\car semelhanca.html
2003.01.09 22:29 B F:\WebPage\car\semelhanca.zir --> ftp11.websamba.com \actividades\car semelhanca.zir
2003.01.09 22:29 B F:\WebPage\car\semelhancatriangulos.gif --> ftp11.websamba.com \actividades\car semelhancatriangulos.gif
2003.01.09 22:29 B F:\WebPage\car\somadosangulos.gif --> ftp11.websamba.com \actividades\car somadosangulos.gif
2003.01.09 22:29 B F:\WebPage\car\texture.gif --> ftp11.websamba.com \actividades\car texture.gif
2003.01.09 22:29 B F:\WebPage\car\vectores.html --> ftp11.websamba.com \actividades\car vectores.html
2003.01.09 22:29 B F:\WebPage\car\vectores.jpg --> ftp11.websamba.com \actividades\car vectores.jpg
2003.01.09 22:29 B F:\WebPage\car\vectores.zir --> ftp11.websamba.com \actividades\car vectores.zir
2003.01.09 22:29 B F:\WebPage\car\WS_FTP.LOG --> ftp11.websamba.com \actividades\car WS_FTP.LOG
2003.01.09 22:30 B F:\WebPage\car\zirkel.jar --> ftp11.websamba.com \actividades\car zirkel.jar
2003.01.09 22:33 B F:\WebPage\car\adicaodevectores.gif --> ftp11.websamba.com \car adicaodevectores.gif
2003.01.09 22:33 B F:\WebPage\car\aguacopo.html --> ftp11.websamba.com \car aguacopo.html
2003.01.09 22:33 B F:\WebPage\car\aguacopo.zir --> ftp11.websamba.com \car aguacopo.zir
2003.01.09 22:33 B F:\WebPage\car\aguacopos.jpg --> ftp11.websamba.com \car aguacopos.jpg
2003.01.09 22:33 B F:\WebPage\car\circuncentro.gif --> ftp11.websamba.com \car circuncentro.gif
2003.01.09 22:33 B F:\WebPage\car\circuncentro.html --> ftp11.websamba.com \car circuncentro.html
2003.01.09 22:34 B F:\WebPage\car\circuncentro.zir --> ftp11.websamba.com \car circuncentro.zir
2003.01.09 22:34 B F:\WebPage\car\completo.html --> ftp11.websamba.com \car completo.html
2003.01.09 22:34 B F:\WebPage\car\completo.zir --> ftp11.websamba.com \car completo.zir
2003.01.09 22:34 B F:\WebPage\car\curvatura.html --> ftp11.websamba.com \car curvatura.html
2003.01.09 22:34 B F:\WebPage\car\curvatura.zir --> ftp11.websamba.com \car curvatura.zir
2003.01.09 22:34 B F:\WebPage\car\distancia.gif --> ftp11.websamba.com \car distancia.gif
2003.01.09 22:34 B F:\WebPage\car\exame12.html --> ftp11.websamba.com \car exame12.html
2003.01.09 22:34 B F:\WebPage\car\exame12.zir --> ftp11.websamba.com \car exame12.zir
2003.01.09 22:34 B F:\WebPage\car\exame12C.html --> ftp11.websamba.com \car exame12C.html
2003.01.09 22:34 B F:\WebPage\car\exame12C.zir --> ftp11.websamba.com \car exame12C.zir
2003.01.09 22:34 B F:\WebPage\car\geometriadinamica.gif --> ftp11.websamba.com \car geometriadinamica.gif
2003.01.09 22:34 B F:\WebPage\car\internos.html --> ftp11.websamba.com \car internos.html
2003.01.09 22:34 B F:\WebPage\car\internos.zir --> ftp11.websamba.com \car internos.zir
2003.01.09 22:34 B F:\WebPage\car\linear.html --> ftp11.websamba.com \car linear.html
2003.01.09 22:34 B F:\WebPage\car\linear.zir --> ftp11.websamba.com \car linear.zir
2003.01.09 22:34 B F:\WebPage\car\liquidocopo.gif --> ftp11.websamba.com \car liquidocopo.gif
2003.01.09 22:34 B F:\WebPage\car\pedra.html --> ftp11.websamba.com \car pedra.html
2003.01.09 22:34 B F:\WebPage\car\pedra.zir --> ftp11.websamba.com \car pedra.zir
2003.01.09 22:34 B F:\WebPage\car\quadrado.gif --> ftp11.websamba.com \car quadrado.gif
2003.01.09 22:34 B F:\WebPage\car\semelhanca.html --> ftp11.websamba.com \car semelhanca.html
2003.01.09 22:34 B F:\WebPage\car\semelhanca.zir --> ftp11.websamba.com \car semelhanca.zir
2003.01.09 22:34 B F:\WebPage\car\semelhancatriangulos.gif --> ftp11.websamba.com \car semelhancatriangulos.gif
2003.01.09 22:34 B F:\WebPage\car\somadosangulos.gif --> ftp11.websamba.com \car somadosangulos.gif
2003.01.09 22:34 B F:\WebPage\car\texture.gif --> ftp11.websamba.com \car texture.gif
2003.01.09 22:34 B F:\WebPage\car\vectores.html --> ftp11.websamba.com \car vectores.html
2003.01.09 22:34 B F:\WebPage\car\vectores.jpg --> ftp11.websamba.com \car vectores.jpg
2003.01.09 22:34 B F:\WebPage\car\vectores.zir --> ftp11.websamba.com \car vectores.zir
2003.01.09 22:34 B F:\WebPage\car\WS_FTP.LOG --> ftp11.websamba.com \car WS_FTP.LOG
2003.01.09 22:35 B F:\WebPage\car\zirkel.jar --> ftp11.websamba.com \car zirkel.jar
2003.03.19 00:17 B F:\WebPage\car\ang_ext.png --> planeta.clix.pt /docs/car ang_ext.png
2003.03.19 00:17 B F:\WebPage\car\ang_externo.html --> planeta.clix.pt /docs/car ang_externo.html
2003.03.19 00:17 B F:\WebPage\car\ang_externo.png --> planeta.clix.pt /docs/car ang_externo.png
2003.03.19 00:17 B F:\WebPage\car\ang_externo.zir --> planeta.clix.pt /docs/car ang_externo.zir
2003.03.19 00:17 B F:\WebPage\car\ang_int.png --> planeta.clix.pt /docs/car ang_int.png
2003.03.19 00:18 B F:\WebPage\car\ang_interno.bmp --> planeta.clix.pt /docs/car ang_interno.bmp
2003.03.19 00:52 B F:\WebPage\car\adicaodevectores.gif --> planeta.clix.pt /docs/car adicaodevectores.gif
2003.03.19 00:52 B F:\WebPage\car\aguacopo.html --> planeta.clix.pt /docs/car aguacopo.html
2003.03.19 00:52 B F:\WebPage\car\aguacopo.zir --> planeta.clix.pt /docs/car aguacopo.zir
2003.03.19 00:52 B F:\WebPage\car\aguacopos.jpg --> planeta.clix.pt /docs/car aguacopos.jpg
2003.03.19 00:52 B F:\WebPage\car\ang_ext.png --> planeta.clix.pt /docs/car ang_ext.png
2003.03.19 00:52 B F:\WebPage\car\ang_externo.html --> planeta.clix.pt /docs/car ang_externo.html
2003.03.19 00:52 B F:\WebPage\car\ang_externo.png --> planeta.clix.pt /docs/car ang_externo.png
2003.03.19 00:52 B F:\WebPage\car\ang_externo.zir --> planeta.clix.pt /docs/car ang_externo.zir
2003.03.19 00:52 B F:\WebPage\car\ang_int.png --> planeta.clix.pt /docs/car ang_int.png
2003.03.19 00:53 B F:\WebPage\car\ang_interno.bmp --> planeta.clix.pt /docs/car ang_interno.bmp
2003.03.19 00:53 B F:\WebPage\car\angulo1.zir --> planeta.clix.pt /docs/car angulo1.zir
2003.03.19 00:53 B F:\WebPage\car\angulo2.html --> planeta.clix.pt /docs/car angulo2.html
2003.03.19 00:53 B F:\WebPage\car\angulo2.zir --> planeta.clix.pt /docs/car angulo2.zir
2003.03.19 00:53 B F:\WebPage\car\apresentacaoC.html --> planeta.clix.pt /docs/car apresentacaoC.html
2003.03.19 00:53 B F:\WebPage\car\apresentacaoC.zir --> planeta.clix.pt /docs/car apresentacaoC.zir
2003.03.19 00:53 B F:\WebPage\car\bola_ar.png --> planeta.clix.pt /docs/car bola_ar.png
2003.03.19 00:53 B F:\WebPage\car\circuncentro.gif --> planeta.clix.pt /docs/car circuncentro.gif
2003.03.19 00:53 B F:\WebPage\car\circuncentro.html --> planeta.clix.pt /docs/car circuncentro.html
2003.03.19 00:53 B F:\WebPage\car\circuncentro.zir --> planeta.clix.pt /docs/car circuncentro.zir
2003.03.19 00:53 B F:\WebPage\car\completo.html --> planeta.clix.pt /docs/car completo.html
2003.03.19 00:53 B F:\WebPage\car\completo.zir --> planeta.clix.pt /docs/car completo.zir
2003.03.19 00:53 B F:\WebPage\car\curvatura.html --> planeta.clix.pt /docs/car curvatura.html
2003.03.19 00:53 B F:\WebPage\car\curvatura.zir --> planeta.clix.pt /docs/car curvatura.zir
2003.03.19 00:53 B F:\WebPage\car\curvatura_propinversa.png --> planeta.clix.pt /docs/car curvatura_propinversa.png
2003.03.19 00:53 B F:\WebPage\car\distancia.gif --> planeta.clix.pt /docs/car distancia.gif
2003.03.19 00:53 B F:\WebPage\car\exame12.html --> planeta.clix.pt /docs/car exame12.html
2003.03.19 00:53 B F:\WebPage\car\exame12.zir --> planeta.clix.pt /docs/car exame12.zir
2003.03.19 00:53 B F:\WebPage\car\exame12C.html --> planeta.clix.pt /docs/car exame12C.html
2003.03.19 00:53 B F:\WebPage\car\exame12C.zir --> planeta.clix.pt /docs/car exame12C.zir
2003.03.19 00:53 B F:\WebPage\car\geometriadinamica.gif --> planeta.clix.pt /docs/car geometriadinamica.gif
2003.03.19 00:53 B F:\WebPage\car\internos.html --> planeta.clix.pt /docs/car internos.html
2003.03.19 00:53 B F:\WebPage\car\internos.zir --> planeta.clix.pt /docs/car internos.zir
2003.03.19 00:53 B F:\WebPage\car\linear.html --> planeta.clix.pt /docs/car linear.html
2003.03.19 00:53 B F:\WebPage\car\linear.zir --> planeta.clix.pt /docs/car linear.zir
2003.03.19 00:53 B F:\WebPage\car\liquidocopo.gif --> planeta.clix.pt /docs/car liquidocopo.gif
2003.03.19 00:53 B F:\WebPage\car\pedra.html --> planeta.clix.pt /docs/car pedra.html
2003.03.19 00:53 B F:\WebPage\car\pedra.zir --> planeta.clix.pt /docs/car pedra.zir
2003.03.19 00:53 B F:\WebPage\car\quadrado.gif --> planeta.clix.pt /docs/car quadrado.gif
2003.03.19 00:53 B F:\WebPage\car\rotacoes.png --> planeta.clix.pt /docs/car rotacoes.png
2003.03.19 00:53 B F:\WebPage\car\semelhanca.html --> planeta.clix.pt /docs/car semelhanca.html
2003.03.19 00:53 B F:\WebPage\car\semelhanca.zir --> planeta.clix.pt /docs/car semelhanca.zir
2003.03.19 00:54 B F:\WebPage\car\semelhancatriangulos.gif --> planeta.clix.pt /docs/car semelhancatriangulos.gif
2003.03.19 00:54 B F:\WebPage\car\somadosangulos.gif --> planeta.clix.pt /docs/car somadosangulos.gif
2003.03.19 00:54 B F:\WebPage\car\texture.gif --> planeta.clix.pt /docs/car texture.gif
2003.03.19 00:54 B F:\WebPage\car\vectores.html --> planeta.clix.pt /docs/car vectores.html
2003.03.19 00:54 B F:\WebPage\car\vectores.jpg --> planeta.clix.pt /docs/car vectores.jpg
2003.03.19 00:54 B F:\WebPage\car\vectores.zir --> planeta.clix.pt /docs/car vectores.zir
2003.03.19 00:54 B F:\WebPage\car\y=kx+b.png --> planeta.clix.pt /docs/car y=kx+b.png
2003.03.19 00:59 B F:\WebPage\car\y=kx+b.png --> planeta.clix.pt /docs/car y=kx+b.png
2003.03.19 01:01 B F:\WebPage\car\linear.html --> planeta.clix.pt /docs/car linear.html
2003.03.19 01:01 B F:\WebPage\car\ykxb.png --> planeta.clix.pt /docs/car ykxb.png
